
  ___  ____  ____  ____  ____ (R)
 /__    /   ____/   /   ____/
___/   /   /___/   /   /___/   13.0   Copyright 1985-2013 StataCorp LP
  Statistics/Data Analysis            StataCorp
                                      4905 Lakeway Drive
     MP - Parallel Edition            College Station, Texas 77845 USA
                                      800-STATA-PC        http://www.stata.com
                                      979-696-4600        stata@stata.com
                                      979-696-4601 (fax)

Single-user 2-core Stata perpetual license:
       Serial number:  501306004725
         Licensed to:  Miklos Koren
                       Central European University

Notes:
      1.  (-v# option or -set maxvar-) 5000 maximum variables
      2.  Command line editing disabled
      3.  Stata running in batch mode

. do pooled arkansas colorado columbia connecticut delaware hudson mississippi 
> missouri ohio red snake tennessee 

. clear

. set more off

. capture log close

. log using results/pooled.log, text replace
-------------------------------------------------------------------------------
      name:  <unnamed>
       log:  /Users/koren/Dropbox (CEU MicroData)/projects/borders/bridges/rese
> arch_designs/convergence/results/pooled.log
  log type:  text
 opened on:  30 Sep 2014, 19:42:32

. 
. do create_variables  `1' `2' `3' `4' `5' `6' `7' `8' `9' `10' `11' `12' 

. tempfile rivers

. save `rivers', replace emptyok
(note: dataset contains 0 observations)
(note: file /var/folders/7b/svcv81g94n3fm6nrj7ckr15c0000gn/T//St81103.000001 no
> t found)
file /var/folders/7b/svcv81g94n3fm6nrj7ckr15c0000gn/T//St81103.000001 saved

. foreach river in `1' `2' `3' `4' `5' `6' `7' `8' `9' `10' `11' `12' {
  2.         di "`1'"
  3.         insheet using data/`river'.csv, clear
  4.         gen bridge = _n
  5.         gen str river = "`river'"
  6.         reshape long left_ right_, i(bridge) j(year)
  7.         ren left_ left
  8.         ren right_ right
  9.         append using `rivers'
 10.         save `rivers', replace
 11. }
arkansas
(343 vars, 145 obs)
(note: j = 1790 1791 1792 1793 1794 1795 1796 1797 1798 1799 1800 1801 1802 180
> 3 1804 1805 1806 1807 1808 1809 1810 1811 1812 1813 1814 1815 1816 1817 1818 
> 1819 1820 1821 1822 1823 1824 1825 1826 1827 1828 1829 1830 1831 1832 1833 18
> 34 1835 1836 1837 1838 1839 1840 1841 1842 1843 1844 1845 1846 1847 1848 1849
>  1850 1851 1852 1853 1854 1855 1856 1857 1858 1859 1860 1861 1862 1863 1864 1
> 865 1866 1867 1868 1869 1870 1871 1872 1873 1874 1875 1876 1877 1878 1879 188
> 0 1881 1882 1883 1884 1885 1886 1887 1888 1889 1890 1891 1892 1893 1894 1895 
> 1896 1897 1898 1899 1900 1901 1902 1903 1904 1905 1906 1907 1908 1909 1910 19
> 11 1912 1913 1914 1915 1916 1917 1918 1919 1920 1921 1922 1923 1924 1925 1926
>  1927 1928 1929 1930 1931 1932 1933 1934 1935 1936 1937 1938 1939 1940 1941 1
> 942 1943 1944 1945 1946 1947 1948 1949 1950 1951 1952 1953 1954 1955 1956 195
> 7 1958 1959)

Data                               wide   ->   long
-----------------------------------------------------------------------------
Number of obs.                      145   ->   24650
Number of variables                 345   ->       8
j variable (170 values)                   ->   year
xij variables:
      left_1790 left_1791 ... left_1959   ->   left_
   right_1790 right_1791 ... right_1959   ->   right_
-----------------------------------------------------------------------------
file /var/folders/7b/svcv81g94n3fm6nrj7ckr15c0000gn/T//St81103.000001 saved
arkansas
(343 vars, 159 obs)
(note: j = 1790 1791 1792 1793 1794 1795 1796 1797 1798 1799 1800 1801 1802 180
> 3 1804 1805 1806 1807 1808 1809 1810 1811 1812 1813 1814 1815 1816 1817 1818 
> 1819 1820 1821 1822 1823 1824 1825 1826 1827 1828 1829 1830 1831 1832 1833 18
> 34 1835 1836 1837 1838 1839 1840 1841 1842 1843 1844 1845 1846 1847 1848 1849
>  1850 1851 1852 1853 1854 1855 1856 1857 1858 1859 1860 1861 1862 1863 1864 1
> 865 1866 1867 1868 1869 1870 1871 1872 1873 1874 1875 1876 1877 1878 1879 188
> 0 1881 1882 1883 1884 1885 1886 1887 1888 1889 1890 1891 1892 1893 1894 1895 
> 1896 1897 1898 1899 1900 1901 1902 1903 1904 1905 1906 1907 1908 1909 1910 19
> 11 1912 1913 1914 1915 1916 1917 1918 1919 1920 1921 1922 1923 1924 1925 1926
>  1927 1928 1929 1930 1931 1932 1933 1934 1935 1936 1937 1938 1939 1940 1941 1
> 942 1943 1944 1945 1946 1947 1948 1949 1950 1951 1952 1953 1954 1955 1956 195
> 7 1958 1959)

Data                               wide   ->   long
-----------------------------------------------------------------------------
Number of obs.                      159   ->   27030
Number of variables                 345   ->       8
j variable (170 values)                   ->   year
xij variables:
      left_1790 left_1791 ... left_1959   ->   left_
   right_1790 right_1791 ... right_1959   ->   right_
-----------------------------------------------------------------------------
file /var/folders/7b/svcv81g94n3fm6nrj7ckr15c0000gn/T//St81103.000001 saved
arkansas
(343 vars, 104 obs)
(note: j = 1790 1791 1792 1793 1794 1795 1796 1797 1798 1799 1800 1801 1802 180
> 3 1804 1805 1806 1807 1808 1809 1810 1811 1812 1813 1814 1815 1816 1817 1818 
> 1819 1820 1821 1822 1823 1824 1825 1826 1827 1828 1829 1830 1831 1832 1833 18
> 34 1835 1836 1837 1838 1839 1840 1841 1842 1843 1844 1845 1846 1847 1848 1849
>  1850 1851 1852 1853 1854 1855 1856 1857 1858 1859 1860 1861 1862 1863 1864 1
> 865 1866 1867 1868 1869 1870 1871 1872 1873 1874 1875 1876 1877 1878 1879 188
> 0 1881 1882 1883 1884 1885 1886 1887 1888 1889 1890 1891 1892 1893 1894 1895 
> 1896 1897 1898 1899 1900 1901 1902 1903 1904 1905 1906 1907 1908 1909 1910 19
> 11 1912 1913 1914 1915 1916 1917 1918 1919 1920 1921 1922 1923 1924 1925 1926
>  1927 1928 1929 1930 1931 1932 1933 1934 1935 1936 1937 1938 1939 1940 1941 1
> 942 1943 1944 1945 1946 1947 1948 1949 1950 1951 1952 1953 1954 1955 1956 195
> 7 1958 1959)

Data                               wide   ->   long
-----------------------------------------------------------------------------
Number of obs.                      104   ->   17680
Number of variables                 345   ->       8
j variable (170 values)                   ->   year
xij variables:
      left_1790 left_1791 ... left_1959   ->   left_
   right_1790 right_1791 ... right_1959   ->   right_
-----------------------------------------------------------------------------
(note: variable name was str36, now str46 to accommodate using data's values)
file /var/folders/7b/svcv81g94n3fm6nrj7ckr15c0000gn/T//St81103.000001 saved
arkansas
(343 vars, 55 obs)
(note: j = 1790 1791 1792 1793 1794 1795 1796 1797 1798 1799 1800 1801 1802 180
> 3 1804 1805 1806 1807 1808 1809 1810 1811 1812 1813 1814 1815 1816 1817 1818 
> 1819 1820 1821 1822 1823 1824 1825 1826 1827 1828 1829 1830 1831 1832 1833 18
> 34 1835 1836 1837 1838 1839 1840 1841 1842 1843 1844 1845 1846 1847 1848 1849
>  1850 1851 1852 1853 1854 1855 1856 1857 1858 1859 1860 1861 1862 1863 1864 1
> 865 1866 1867 1868 1869 1870 1871 1872 1873 1874 1875 1876 1877 1878 1879 188
> 0 1881 1882 1883 1884 1885 1886 1887 1888 1889 1890 1891 1892 1893 1894 1895 
> 1896 1897 1898 1899 1900 1901 1902 1903 1904 1905 1906 1907 1908 1909 1910 19
> 11 1912 1913 1914 1915 1916 1917 1918 1919 1920 1921 1922 1923 1924 1925 1926
>  1927 1928 1929 1930 1931 1932 1933 1934 1935 1936 1937 1938 1939 1940 1941 1
> 942 1943 1944 1945 1946 1947 1948 1949 1950 1951 1952 1953 1954 1955 1956 195
> 7 1958 1959)

Data                               wide   ->   long
-----------------------------------------------------------------------------
Number of obs.                       55   ->    9350
Number of variables                 345   ->       8
j variable (170 values)                   ->   year
xij variables:
      left_1790 left_1791 ... left_1959   ->   left_
   right_1790 right_1791 ... right_1959   ->   right_
-----------------------------------------------------------------------------
file /var/folders/7b/svcv81g94n3fm6nrj7ckr15c0000gn/T//St81103.000001 saved
arkansas
(343 vars, 53 obs)
(note: j = 1790 1791 1792 1793 1794 1795 1796 1797 1798 1799 1800 1801 1802 180
> 3 1804 1805 1806 1807 1808 1809 1810 1811 1812 1813 1814 1815 1816 1817 1818 
> 1819 1820 1821 1822 1823 1824 1825 1826 1827 1828 1829 1830 1831 1832 1833 18
> 34 1835 1836 1837 1838 1839 1840 1841 1842 1843 1844 1845 1846 1847 1848 1849
>  1850 1851 1852 1853 1854 1855 1856 1857 1858 1859 1860 1861 1862 1863 1864 1
> 865 1866 1867 1868 1869 1870 1871 1872 1873 1874 1875 1876 1877 1878 1879 188
> 0 1881 1882 1883 1884 1885 1886 1887 1888 1889 1890 1891 1892 1893 1894 1895 
> 1896 1897 1898 1899 1900 1901 1902 1903 1904 1905 1906 1907 1908 1909 1910 19
> 11 1912 1913 1914 1915 1916 1917 1918 1919 1920 1921 1922 1923 1924 1925 1926
>  1927 1928 1929 1930 1931 1932 1933 1934 1935 1936 1937 1938 1939 1940 1941 1
> 942 1943 1944 1945 1946 1947 1948 1949 1950 1951 1952 1953 1954 1955 1956 195
> 7 1958 1959)

Data                               wide   ->   long
-----------------------------------------------------------------------------
Number of obs.                       53   ->    9010
Number of variables                 345   ->       8
j variable (170 values)                   ->   year
xij variables:
      left_1790 left_1791 ... left_1959   ->   left_
   right_1790 right_1791 ... right_1959   ->   right_
-----------------------------------------------------------------------------
(note: variable name was str41, now str50 to accommodate using data's values)
(note: variable river was str8, now str11 to accommodate using data's values)
file /var/folders/7b/svcv81g94n3fm6nrj7ckr15c0000gn/T//St81103.000001 saved
arkansas
(343 vars, 33 obs)
(note: j = 1790 1791 1792 1793 1794 1795 1796 1797 1798 1799 1800 1801 1802 180
> 3 1804 1805 1806 1807 1808 1809 1810 1811 1812 1813 1814 1815 1816 1817 1818 
> 1819 1820 1821 1822 1823 1824 1825 1826 1827 1828 1829 1830 1831 1832 1833 18
> 34 1835 1836 1837 1838 1839 1840 1841 1842 1843 1844 1845 1846 1847 1848 1849
>  1850 1851 1852 1853 1854 1855 1856 1857 1858 1859 1860 1861 1862 1863 1864 1
> 865 1866 1867 1868 1869 1870 1871 1872 1873 1874 1875 1876 1877 1878 1879 188
> 0 1881 1882 1883 1884 1885 1886 1887 1888 1889 1890 1891 1892 1893 1894 1895 
> 1896 1897 1898 1899 1900 1901 1902 1903 1904 1905 1906 1907 1908 1909 1910 19
> 11 1912 1913 1914 1915 1916 1917 1918 1919 1920 1921 1922 1923 1924 1925 1926
>  1927 1928 1929 1930 1931 1932 1933 1934 1935 1936 1937 1938 1939 1940 1941 1
> 942 1943 1944 1945 1946 1947 1948 1949 1950 1951 1952 1953 1954 1955 1956 195
> 7 1958 1959)

Data                               wide   ->   long
-----------------------------------------------------------------------------
Number of obs.                       33   ->    5610
Number of variables                 345   ->       8
j variable (170 values)                   ->   year
xij variables:
      left_1790 left_1791 ... left_1959   ->   left_
   right_1790 right_1791 ... right_1959   ->   right_
-----------------------------------------------------------------------------
(note: variable name was str41, now str50 to accommodate using data's values)
(note: variable river was str6, now str11 to accommodate using data's values)
file /var/folders/7b/svcv81g94n3fm6nrj7ckr15c0000gn/T//St81103.000001 saved
arkansas
(343 vars, 335 obs)
(note: j = 1790 1791 1792 1793 1794 1795 1796 1797 1798 1799 1800 1801 1802 180
> 3 1804 1805 1806 1807 1808 1809 1810 1811 1812 1813 1814 1815 1816 1817 1818 
> 1819 1820 1821 1822 1823 1824 1825 1826 1827 1828 1829 1830 1831 1832 1833 18
> 34 1835 1836 1837 1838 1839 1840 1841 1842 1843 1844 1845 1846 1847 1848 1849
>  1850 1851 1852 1853 1854 1855 1856 1857 1858 1859 1860 1861 1862 1863 1864 1
> 865 1866 1867 1868 1869 1870 1871 1872 1873 1874 1875 1876 1877 1878 1879 188
> 0 1881 1882 1883 1884 1885 1886 1887 1888 1889 1890 1891 1892 1893 1894 1895 
> 1896 1897 1898 1899 1900 1901 1902 1903 1904 1905 1906 1907 1908 1909 1910 19
> 11 1912 1913 1914 1915 1916 1917 1918 1919 1920 1921 1922 1923 1924 1925 1926
>  1927 1928 1929 1930 1931 1932 1933 1934 1935 1936 1937 1938 1939 1940 1941 1
> 942 1943 1944 1945 1946 1947 1948 1949 1950 1951 1952 1953 1954 1955 1956 195
> 7 1958 1959)

Data                               wide   ->   long
-----------------------------------------------------------------------------
Number of obs.                      335   ->   56950
Number of variables                 345   ->       8
j variable (170 values)                   ->   year
xij variables:
      left_1790 left_1791 ... left_1959   ->   left_
   right_1790 right_1791 ... right_1959   ->   right_
-----------------------------------------------------------------------------
file /var/folders/7b/svcv81g94n3fm6nrj7ckr15c0000gn/T//St81103.000001 saved
arkansas
(343 vars, 335 obs)
(note: j = 1790 1791 1792 1793 1794 1795 1796 1797 1798 1799 1800 1801 1802 180
> 3 1804 1805 1806 1807 1808 1809 1810 1811 1812 1813 1814 1815 1816 1817 1818 
> 1819 1820 1821 1822 1823 1824 1825 1826 1827 1828 1829 1830 1831 1832 1833 18
> 34 1835 1836 1837 1838 1839 1840 1841 1842 1843 1844 1845 1846 1847 1848 1849
>  1850 1851 1852 1853 1854 1855 1856 1857 1858 1859 1860 1861 1862 1863 1864 1
> 865 1866 1867 1868 1869 1870 1871 1872 1873 1874 1875 1876 1877 1878 1879 188
> 0 1881 1882 1883 1884 1885 1886 1887 1888 1889 1890 1891 1892 1893 1894 1895 
> 1896 1897 1898 1899 1900 1901 1902 1903 1904 1905 1906 1907 1908 1909 1910 19
> 11 1912 1913 1914 1915 1916 1917 1918 1919 1920 1921 1922 1923 1924 1925 1926
>  1927 1928 1929 1930 1931 1932 1933 1934 1935 1936 1937 1938 1939 1940 1941 1
> 942 1943 1944 1945 1946 1947 1948 1949 1950 1951 1952 1953 1954 1955 1956 195
> 7 1958 1959)

Data                               wide   ->   long
-----------------------------------------------------------------------------
Number of obs.                      335   ->   56950
Number of variables                 345   ->       8
j variable (170 values)                   ->   year
xij variables:
      left_1790 left_1791 ... left_1959   ->   left_
   right_1790 right_1791 ... right_1959   ->   right_
-----------------------------------------------------------------------------
(note: variable name was str42, now str61 to accommodate using data's values)
(note: variable river was str8, now str11 to accommodate using data's values)
file /var/folders/7b/svcv81g94n3fm6nrj7ckr15c0000gn/T//St81103.000001 saved
arkansas
(343 vars, 164 obs)
(note: j = 1790 1791 1792 1793 1794 1795 1796 1797 1798 1799 1800 1801 1802 180
> 3 1804 1805 1806 1807 1808 1809 1810 1811 1812 1813 1814 1815 1816 1817 1818 
> 1819 1820 1821 1822 1823 1824 1825 1826 1827 1828 1829 1830 1831 1832 1833 18
> 34 1835 1836 1837 1838 1839 1840 1841 1842 1843 1844 1845 1846 1847 1848 1849
>  1850 1851 1852 1853 1854 1855 1856 1857 1858 1859 1860 1861 1862 1863 1864 1
> 865 1866 1867 1868 1869 1870 1871 1872 1873 1874 1875 1876 1877 1878 1879 188
> 0 1881 1882 1883 1884 1885 1886 1887 1888 1889 1890 1891 1892 1893 1894 1895 
> 1896 1897 1898 1899 1900 1901 1902 1903 1904 1905 1906 1907 1908 1909 1910 19
> 11 1912 1913 1914 1915 1916 1917 1918 1919 1920 1921 1922 1923 1924 1925 1926
>  1927 1928 1929 1930 1931 1932 1933 1934 1935 1936 1937 1938 1939 1940 1941 1
> 942 1943 1944 1945 1946 1947 1948 1949 1950 1951 1952 1953 1954 1955 1956 195
> 7 1958 1959)

Data                               wide   ->   long
-----------------------------------------------------------------------------
Number of obs.                      164   ->   27880
Number of variables                 345   ->       8
j variable (170 values)                   ->   year
xij variables:
      left_1790 left_1791 ... left_1959   ->   left_
   right_1790 right_1791 ... right_1959   ->   right_
-----------------------------------------------------------------------------
(note: variable name was str45, now str61 to accommodate using data's values)
(note: variable river was str4, now str11 to accommodate using data's values)
file /var/folders/7b/svcv81g94n3fm6nrj7ckr15c0000gn/T//St81103.000001 saved
arkansas
(343 vars, 126 obs)
(note: j = 1790 1791 1792 1793 1794 1795 1796 1797 1798 1799 1800 1801 1802 180
> 3 1804 1805 1806 1807 1808 1809 1810 1811 1812 1813 1814 1815 1816 1817 1818 
> 1819 1820 1821 1822 1823 1824 1825 1826 1827 1828 1829 1830 1831 1832 1833 18
> 34 1835 1836 1837 1838 1839 1840 1841 1842 1843 1844 1845 1846 1847 1848 1849
>  1850 1851 1852 1853 1854 1855 1856 1857 1858 1859 1860 1861 1862 1863 1864 1
> 865 1866 1867 1868 1869 1870 1871 1872 1873 1874 1875 1876 1877 1878 1879 188
> 0 1881 1882 1883 1884 1885 1886 1887 1888 1889 1890 1891 1892 1893 1894 1895 
> 1896 1897 1898 1899 1900 1901 1902 1903 1904 1905 1906 1907 1908 1909 1910 19
> 11 1912 1913 1914 1915 1916 1917 1918 1919 1920 1921 1922 1923 1924 1925 1926
>  1927 1928 1929 1930 1931 1932 1933 1934 1935 1936 1937 1938 1939 1940 1941 1
> 942 1943 1944 1945 1946 1947 1948 1949 1950 1951 1952 1953 1954 1955 1956 195
> 7 1958 1959)

Data                               wide   ->   long
-----------------------------------------------------------------------------
Number of obs.                      126   ->   21420
Number of variables                 345   ->       8
j variable (170 values)                   ->   year
xij variables:
      left_1790 left_1791 ... left_1959   ->   left_
   right_1790 right_1791 ... right_1959   ->   right_
-----------------------------------------------------------------------------
(note: variable name was str34, now str61 to accommodate using data's values)
(note: variable river was str3, now str11 to accommodate using data's values)
file /var/folders/7b/svcv81g94n3fm6nrj7ckr15c0000gn/T//St81103.000001 saved
arkansas
(343 vars, 128 obs)
(note: j = 1790 1791 1792 1793 1794 1795 1796 1797 1798 1799 1800 1801 1802 180
> 3 1804 1805 1806 1807 1808 1809 1810 1811 1812 1813 1814 1815 1816 1817 1818 
> 1819 1820 1821 1822 1823 1824 1825 1826 1827 1828 1829 1830 1831 1832 1833 18
> 34 1835 1836 1837 1838 1839 1840 1841 1842 1843 1844 1845 1846 1847 1848 1849
>  1850 1851 1852 1853 1854 1855 1856 1857 1858 1859 1860 1861 1862 1863 1864 1
> 865 1866 1867 1868 1869 1870 1871 1872 1873 1874 1875 1876 1877 1878 1879 188
> 0 1881 1882 1883 1884 1885 1886 1887 1888 1889 1890 1891 1892 1893 1894 1895 
> 1896 1897 1898 1899 1900 1901 1902 1903 1904 1905 1906 1907 1908 1909 1910 19
> 11 1912 1913 1914 1915 1916 1917 1918 1919 1920 1921 1922 1923 1924 1925 1926
>  1927 1928 1929 1930 1931 1932 1933 1934 1935 1936 1937 1938 1939 1940 1941 1
> 942 1943 1944 1945 1946 1947 1948 1949 1950 1951 1952 1953 1954 1955 1956 195
> 7 1958 1959)

Data                               wide   ->   long
-----------------------------------------------------------------------------
Number of obs.                      128   ->   21760
Number of variables                 345   ->       8
j variable (170 values)                   ->   year
xij variables:
      left_1790 left_1791 ... left_1959   ->   left_
   right_1790 right_1791 ... right_1959   ->   right_
-----------------------------------------------------------------------------
(note: variable name was str41, now str61 to accommodate using data's values)
(note: variable river was str5, now str11 to accommodate using data's values)
file /var/folders/7b/svcv81g94n3fm6nrj7ckr15c0000gn/T//St81103.000001 saved
arkansas
(343 vars, 75 obs)
(note: j = 1790 1791 1792 1793 1794 1795 1796 1797 1798 1799 1800 1801 1802 180
> 3 1804 1805 1806 1807 1808 1809 1810 1811 1812 1813 1814 1815 1816 1817 1818 
> 1819 1820 1821 1822 1823 1824 1825 1826 1827 1828 1829 1830 1831 1832 1833 18
> 34 1835 1836 1837 1838 1839 1840 1841 1842 1843 1844 1845 1846 1847 1848 1849
>  1850 1851 1852 1853 1854 1855 1856 1857 1858 1859 1860 1861 1862 1863 1864 1
> 865 1866 1867 1868 1869 1870 1871 1872 1873 1874 1875 1876 1877 1878 1879 188
> 0 1881 1882 1883 1884 1885 1886 1887 1888 1889 1890 1891 1892 1893 1894 1895 
> 1896 1897 1898 1899 1900 1901 1902 1903 1904 1905 1906 1907 1908 1909 1910 19
> 11 1912 1913 1914 1915 1916 1917 1918 1919 1920 1921 1922 1923 1924 1925 1926
>  1927 1928 1929 1930 1931 1932 1933 1934 1935 1936 1937 1938 1939 1940 1941 1
> 942 1943 1944 1945 1946 1947 1948 1949 1950 1951 1952 1953 1954 1955 1956 195
> 7 1958 1959)

Data                               wide   ->   long
-----------------------------------------------------------------------------
Number of obs.                       75   ->   12750
Number of variables                 345   ->       8
j variable (170 values)                   ->   year
xij variables:
      left_1790 left_1791 ... left_1959   ->   left_
   right_1790 right_1791 ... right_1959   ->   right_
-----------------------------------------------------------------------------
(note: variable name was str57, now str61 to accommodate using data's values)
(note: variable river was str9, now str11 to accommodate using data's values)
file /var/folders/7b/svcv81g94n3fm6nrj7ckr15c0000gn/T//St81103.000001 saved

. egen river_bridge = group(river bridge)

. egen river_year = group(river year)

. gen segment = int(river_mile/10)

. egen river_segment = group(river segment)

. 
. tsset river_bridge year
       panel variable:  river_bridge (strongly balanced)
        time variable:  year, 1790 to 1959
                delta:  1 unit

. 
. gen total = left+right

. 
. gen start_decade = int(start/10)*10
(180710 missing values generated)

. local dec 3

. local window `dec'0

. 
. local sample_window 40

. local latest 1900

. 
. * for ease of reading, introduce a round offset for event time
. scalar offset = 100

. gen event_time = year-start_decade+offset
(180710 missing values generated)

. * also keep control regions
. keep if abs(event_time-offset)<=`sample_window' | missing(start)
(67727 observations deleted)

. * only use 19th century, when post offices are relevant
. keep if year<=`latest' & (start_decade<=`latest' | missing(start))
(91463 observations deleted)

. 
. replace event_time = -`window'+offset if event_time<-`window'+offset
(2200 real changes made)

. replace event_time = `window'+offset if event_time>`window'+offset & !missing
> (event_time)
(560 real changes made)

. 
. forval t = 7/13 {
  2.         gen byte treatment`t'0 = (event_time==`t'0)
  3. }

. 
. gen byte no_bridge = missing(start)

. gen byte before = year<start & !no_bridge

. gen byte after = year>=start

. 
. egen left_before = sum(cond(!after,left,0)), by(river_bridge)

. egen right_before = sum(cond(!after,right,0)), by(river_bridge)

. 
. gen small = cond(left_before<right_before,left,right)

. gen large = cond(left_before<right_before,right,left)

. gen log_small = ln(small)
(104350 missing values generated)

. gen log_large = ln(large)
(88168 missing values generated)

. 
. gen river_mile_sq = river_mile^2

. 
. gen small_share = small/total
(86723 missing values generated)

. replace small_share=0 if total==0
(86723 real changes made)

. * if total number of post offices is poisson, the variance is sqrt of mean
. gen scaled_difference = cond(left_before<right_before,right-left,left-right)/
> sqrt(total)
(86723 missing values generated)

. 
. gen deviation = 0.5-small_share

. tsset river_bridge year
       panel variable:  river_bridge (unbalanced)
        time variable:  year, 1790 to 1900
                delta:  1 unit

. gen change = deviation-L10.deviation
(13000 missing values generated)

. gen lag_deviation = L10.deviation
(13000 missing values generated)

. 
end of do-file

. do estimate_and_plot

. areg small_share treatment*, a(river_year) cluster(river_segment)

Linear regression, absorbing indicators           Number of obs   =     131850
                                                  F(   7,    817) =       4.72
                                                  Prob > F        =     0.0000
                                                  R-squared       =     0.3116
                                                  Adj R-squared   =     0.3045
                                                  Root MSE        =     0.1589

                        (Std. Err. adjusted for 818 clusters in river_segment)
------------------------------------------------------------------------------
             |               Robust
 small_share |      Coef.   Std. Err.      t    P>|t|     [95% Conf. Interval]
-------------+----------------------------------------------------------------
 treatment70 |    .041313   .0138151     2.99   0.003     .0141957    .0684304
 treatment80 |   .0728352   .0195091     3.73   0.000     .0345414     .111129
 treatment90 |    .066907   .0203564     3.29   0.001       .02695    .1068641
treatment100 |   .0590525   .0213618     2.76   0.006      .017122    .1009829
treatment110 |   .1034543   .0215659     4.80   0.000     .0611232    .1457854
treatment120 |   .1023842   .0239646     4.27   0.000     .0553447    .1494236
treatment130 |   .0868043   .0272786     3.18   0.002     .0332599    .1403488
       _cons |   .0863852   .0033374    25.88   0.000     .0798343    .0929362
-------------+----------------------------------------------------------------
  river_year |   absorbed                                    (1332 categories)

. test (treatment70+treatment80+treatment80)/3==(treatment110+treatment120+trea
> tment130)/3

 ( 1)  .3333333*treatment70 + .6666667*treatment80 - .3333333*treatment110 -
       .3333333*treatment120 - .3333333*treatment130 = 0

       F(  1,   817) =    3.77
            Prob > F =    0.0524

. predict small_share_hat, xb

. gen se = .
(131850 missing values generated)

. foreach t in 70 80 90 100 110 120 130 {
  2.         replace se = _se[treatment`t'] if event_time==`t'
  3. }
(2421 real changes made)
(226 real changes made)
(235 real changes made)
(236 real changes made)
(186 real changes made)
(130 real changes made)
(649 real changes made)

. *replace se = _se[_cons] if event_time==70
. 
. xi: areg change i.after*lag_deviation, a(river_year)  cluster(river_segment)
i.after           _Iafter_0-1         (naturally coded; _Iafter_0 omitted)
i.after*lag_d~n   _IaftXlag_d_#       (coded as above)

Linear regression, absorbing indicators           Number of obs   =     118850
                                                  F(   3,    817) =     214.45
                                                  Prob > F        =     0.0000
                                                  R-squared       =     0.1537
                                                  Adj R-squared   =     0.1450
                                                  Root MSE        =     0.1229

                        (Std. Err. adjusted for 818 clusters in river_segment)
------------------------------------------------------------------------------
             |               Robust
      change |      Coef.   Std. Err.      t    P>|t|     [95% Conf. Interval]
-------------+----------------------------------------------------------------
   _Iafter_1 |  -.0278431   .0102956    -2.70   0.007    -.0480521   -.0076342
lag_deviat~n |  -.2957635    .011953   -24.74   0.000    -.3192257   -.2723012
_IaftXlag_~1 |  -.0373018   .0537522    -0.69   0.488    -.1428105    .0682069
       _cons |   .1077304   .0048521    22.20   0.000     .0982063    .1172545
-------------+----------------------------------------------------------------
  river_year |   absorbed                                    (1212 categories)

. 
. replace event_time = event_time - offset
(13857 real changes made)

. label var small_share_hat "Share of smaller side of the river"

. label var event_time "Years since bridge"

. 
. gen upper = small_share_hat + 1.96*se
(127767 missing values generated)

. gen lower = small_share_hat - 1.96*se
(127767 missing values generated)

. tw (area  upper lower event_time, sort astyle( ci plotregion)) (line small_sh
> are_hat event_time, sort),  scheme(s2color) legend(order(1 "95% confidence in
> terval" 3 "Share of smaller side of the river"))

. 
end of do-file

. graph save results/pooled.gph, replace
(file results/pooled.gph saved)

. 
. 
. capture log close

. 
end of do-file
